# JRE version: Java(TM) SE Runtime Environment (8.0_51-b16) (build 1.8.0_51-b16)
# Java VM: Java HotSpot(TM) 64-Bit Server VM (25.51-b03 mixed mode windows-amd64 compressed oops)
Heap:
 PSYoungGen      total 857088K, used 190195K [0x0000000780000000, 0x00000007c0000000, 0x00000007c0000000)
  eden space 679936K, 1% used [0x0000000780000000,0x0000000780d26958,0x00000007a9800000)
  from space 177152K, 99% used [0x00000007a9800000,0x00000007b44964f0,0x00000007b4500000)
  to   space 191488K, 0% used [0x00000007b4500000,0x00000007b4500000,0x00000007c0000000)
 ParOldGen       total 607744K, used 298368K [0x0000000700000000, 0x0000000725180000, 0x0000000780000000)
  object space 607744K, 49% used [0x0000000700000000,0x0000000712360220,0x0000000725180000)
 Metaspace       used 109135K, capacity 110905K, committed 111616K, reserved 1142784K
  class space    used 17783K, capacity 18357K, committed 18432K, reserved 1048576K
GC Heap History (10 events):
Event: 42.813 GC heap before
{Heap before GC invocations=32 (full 4):
 PSYoungGen      total 906752K, used 846860K [0x0000000780000000, 0x00000007c0000000, 0x00000007c0000000)
  eden space 766976K, 99% used [0x0000000780000000,0x00000007ae7efc20,0x00000007aed00000)
  from space 139776K, 60% used [0x00000007aed00000,0x00000007b4013550,0x00000007b7580000)
  to   space 141824K, 0% used [0x00000007b7580000,0x00000007b7580000,0x00000007c0000000)
 ParOldGen       total 607744K, used 298320K [0x0000000700000000, 0x0000000725180000, 0x0000000780000000)
  object space 607744K, 49% used [0x0000000700000000,0x0000000712354220,0x0000000725180000)
 Metaspace       used 90890K, capacity 92085K, committed 92800K, reserved 1126400K
  class space    used 14448K, capacity 14885K, committed 14976K, reserved 1048576K
Event: 42.845 GC heap after
Heap after GC invocations=32 (full 4):
 PSYoungGen      total 905728K, used 82157K [0x0000000780000000, 0x00000007c0000000, 0x00000007c0000000)
  eden space 763904K, 0% used [0x0000000780000000,0x0000000780000000,0x00000007aea00000)
  from space 141824K, 57% used [0x00000007b7580000,0x00000007bc5bb6d8,0x00000007c0000000)
  to   space 142336K, 0% used [0x00000007aea00000,0x00000007aea00000,0x00000007b7500000)
 ParOldGen       total 607744K, used 298328K [0x0000000700000000, 0x0000000725180000, 0x0000000780000000)
  object space 607744K, 49% used [0x0000000700000000,0x0000000712356220,0x0000000725180000)
 Metaspace       used 90890K, capacity 92085K, committed 92800K, reserved 1126400K
  class space    used 14448K, capacity 14885K, committed 14976K, reserved 1048576K
}
Event: 46.823 GC heap before
{Heap before GC invocations=33 (full 4):
 PSYoungGen      total 905728K, used 846061K [0x0000000780000000, 0x00000007c0000000, 0x00000007c0000000)
  eden space 763904K, 100% used [0x0000000780000000,0x00000007aea00000,0x00000007aea00000)
  from space 141824K, 57% used [0x00000007b7580000,0x00000007bc5bb6d8,0x00000007c0000000)
  to   space 142336K, 0% used [0x00000007aea00000,0x00000007aea00000,0x00000007b7500000)
 ParOldGen       total 607744K, used 298328K [0x0000000700000000, 0x0000000725180000, 0x0000000780000000)
  object space 607744K, 49% used [0x0000000700000000,0x0000000712356220,0x0000000725180000)
 Metaspace       used 94806K, capacity 96189K, committed 96896K, reserved 1130496K
  class space    used 15248K, capacity 15721K, committed 15744K, reserved 1048576K
Event: 46.875 GC heap after
Heap after GC invocations=33 (full 4):
 PSYoungGen      total 882176K, used 117844K [0x0000000780000000, 0x00000007c0000000, 0x00000007c0000000)
  eden space 763904K, 0% used [0x0000000780000000,0x0000000780000000,0x00000007aea00000)
  from space 118272K, 99% used [0x00000007aea00000,0x00000007b5d15070,0x00000007b5d80000)
  to   space 154624K, 0% used [0x00000007b6900000,0x00000007b6900000,0x00000007c0000000)
 ParOldGen       total 607744K, used 298336K [0x0000000700000000, 0x0000000725180000, 0x0000000780000000)
  object space 607744K, 49% used [0x0000000700000000,0x0000000712358220,0x0000000725180000)
 Metaspace       used 94806K, capacity 96189K, committed 96896K, reserved 1130496K
  class space    used 15248K, capacity 15721K, committed 15744K, reserved 1048576K
}
Event: 48.732 GC heap before
{Heap before GC invocations=34 (full 4):
 PSYoungGen      total 882176K, used 881748K [0x0000000780000000, 0x00000007c0000000, 0x00000007c0000000)
  eden space 763904K, 100% used [0x0000000780000000,0x00000007aea00000,0x00000007aea00000)
  from space 118272K, 99% used [0x00000007aea00000,0x00000007b5d15070,0x00000007b5d80000)
  to   space 154624K, 0% used [0x00000007b6900000,0x00000007b6900000,0x00000007c0000000)
 ParOldGen       total 607744K, used 298336K [0x0000000700000000, 0x0000000725180000, 0x0000000780000000)
  object space 607744K, 49% used [0x0000000700000000,0x0000000712358220,0x0000000725180000)
 Metaspace       used 98636K, capacity 100093K, committed 100992K, reserved 1134592K
  class space    used 15919K, capacity 16419K, committed 16512K, reserved 1048576K
Event: 48.771 GC heap after
Heap after GC invocations=34 (full 4):
 PSYoungGen      total 880640K, used 107773K [0x0000000780000000, 0x00000007c0000000, 0x00000007c0000000)
  eden space 726016K, 0% used [0x0000000780000000,0x0000000780000000,0x00000007ac500000)
  from space 154624K, 69% used [0x00000007b6900000,0x00000007bd23f518,0x00000007c0000000)
  to   space 161280K, 0% used [0x00000007ac500000,0x00000007ac500000,0x00000007b6280000)
 ParOldGen       total 607744K, used 298344K [0x0000000700000000, 0x0000000725180000, 0x0000000780000000)
  object space 607744K, 49% used [0x0000000700000000,0x000000071235a220,0x0000000725180000)
 Metaspace       used 98636K, capacity 100093K, committed 100992K, reserved 1134592K
  class space    used 15919K, capacity 16419K, committed 16512K, reserved 1048576K
}
Event: 50.660 GC heap before
{Heap before GC invocations=35 (full 4):
 PSYoungGen      total 880640K, used 833789K [0x0000000780000000, 0x00000007c0000000, 0x00000007c0000000)
  eden space 726016K, 100% used [0x0000000780000000,0x00000007ac500000,0x00000007ac500000)
  from space 154624K, 69% used [0x00000007b6900000,0x00000007bd23f518,0x00000007c0000000)
  to   space 161280K, 0% used [0x00000007ac500000,0x00000007ac500000,0x00000007b6280000)
 ParOldGen       total 607744K, used 298344K [0x0000000700000000, 0x0000000725180000, 0x0000000780000000)
  object space 607744K, 49% used [0x0000000700000000,0x000000071235a220,0x0000000725180000)
 Metaspace       used 102711K, capacity 104303K, committed 104960K, reserved 1136640K
  class space    used 16743K, capacity 17302K, committed 17408K, reserved 1048576K
Event: 50.708 GC heap after
Heap after GC invocations=35 (full 4):
 PSYoungGen      total 850432K, used 124330K [0x0000000780000000, 0x00000007c0000000, 0x00000007c0000000)
  eden space 726016K, 0% used [0x0000000780000000,0x0000000780000000,0x00000007ac500000)
  from space 124416K, 99% used [0x00000007ac500000,0x00000007b3e6a9d0,0x00000007b3e80000)
  to   space 171520K, 0% used [0x00000007b5880000,0x00000007b5880000,0x00000007c0000000)
 ParOldGen       total 607744K, used 298352K [0x0000000700000000, 0x0000000725180000, 0x0000000780000000)
  object space 607744K, 49% used [0x0000000700000000,0x000000071235c220,0x0000000725180000)
 Metaspace       used 102711K, capacity 104303K, committed 104960K, reserved 1136640K
  class space    used 16743K, capacity 17302K, committed 17408K, reserved 1048576K
}
Event: 52.865 GC heap before
{Heap before GC invocations=36 (full 4):
 PSYoungGen      total 850432K, used 850346K [0x0000000780000000, 0x00000007c0000000, 0x00000007c0000000)
  eden space 726016K, 100% used [0x0000000780000000,0x00000007ac500000,0x00000007ac500000)
  from space 124416K, 99% used [0x00000007ac500000,0x00000007b3e6a9d0,0x00000007b3e80000)
  to   space 171520K, 0% used [0x00000007b5880000,0x00000007b5880000,0x00000007c0000000)
 ParOldGen       total 607744K, used 298352K [0x0000000700000000, 0x0000000725180000, 0x0000000780000000)
  object space 607744K, 49% used [0x0000000700000000,0x000000071235c220,0x0000000725180000)
 Metaspace       used 107709K, capacity 109357K, committed 110080K, reserved 1140736K
  class space    used 17560K, capacity 18145K, committed 18176K, reserved 1048576K
Event: 52.913 GC heap after
Heap after GC invocations=36 (full 4):
 PSYoungGen      total 851456K, used 135688K [0x0000000780000000, 0x00000007c0000000, 0x00000007c0000000)
  eden space 679936K, 0% used [0x0000000780000000,0x0000000780000000,0x00000007a9800000)
  from space 171520K, 79% used [0x00000007b5880000,0x00000007bdd02120,0x00000007c0000000)
  to   space 184320K, 0% used [0x00000007a9800000,0x00000007a9800000,0x00000007b4c00000)
 ParOldGen       total 607744K, used 298360K [0x0000000700000000, 0x0000000725180000, 0x0000000780000000)
  object space 607744K, 49% used [0x0000000700000000,0x000000071235e220,0x0000000725180000)
 Metaspace       used 107709K, capacity 109357K, committed 110080K, reserved 1140736K
  class space    used 17560K, capacity 18145K, committed 18176K, reserved 1048576K
}

